Unity Editor version:    2022.3.17f1 (4fc78088f837)
Branch:                  2022.3/staging
Build type:              Release
Batch mode:              YES
System name:             Linux
Distro version:          #22~22.04.1-Ubuntu SMP Tue Apr 30 16:08:18 UTC 2024
Kernel version:          6.5.0-1021-azure
Architecture:            x86_64
Available memory:        15981 MB
[Licensing::Module] Trying to connect to existing licensing client channel...
[Licensing::IpcConnector] Connection attempt to the License Client on channel: "LicenseClient-root" failed because channel doesn't exist; code: "0x80000002"
[Licensing::Module] Successfully launched the LicensingClient (PId: 2077)
[Licensing::IpcConnector] Successfully connected to the License Client on channel: "LicenseClient-root" at "2024-06-11T21:34:39.977748Z"
[SignatureVerifier] Application signature verification not supported on this platform.
[Licensing::Client] Handshaking with LicensingClient:
  Version:                 1.14.1+d093dab
  Session Id:              d16cc9e734f74171a71b885646521a6a
  Correlation Id:          99f02cd33b6bd287073851be9b2d9626
  External correlation Id: 8197040829637468117
  Machine Id:              hEO+9ytKThPnzxv6SGqQ/Ccag68=
[Licensing::Module] Successfully connected to LicensingClient on channel: "LicenseClient-root" (connect: 0.60s, validation: 0.08s, handshake: 0.00s)
[Licensing::IpcConnector] Successfully connected to the License Notification on channel: "LicenseClient-root-notifications" at "2024-06-11T21:34:40.053381Z"
[Licensing::Module] Connected to LicensingClient (PId: 2077, launch time: 0.00, total connection time: 0.68s)
[Licensing::Module] Error: Access token is unavailable; failed to update
[Licensing::Client] Successfully updated license
[Licensing::Client] Successfully resolved entitlements
[Licensing::Module] Serial number assigned to: "F4-PU6K-22VX-YK6W-C7NN-XXXX"
Pro License: NO
Desktop is 1280 x 1024 @ 60 Hz
Initialize udev device monitor.

COMMAND LINE ARGUMENTS:
/opt/unity/Editor/Unity
-batchmode
-batchmode
-logFile
/github/workspace/artifacts/COMBINE_RESULTS.log
-projectPath
/github/workspace/.
-coverageResultsPath
/github/workspace/CodeCoverage
-quit
-enableCodeCoverage
-debugCodeOptimization
-coverageOptions
generateAdditionalMetrics;generateHtmlReport;generateBadgeReport;dontClear
Successfully changed project path to: /github/workspace/.
/github/workspace
[UnityMemory] Configuration Parameters - Can be set up in boot.config
    "memorysetup-bucket-allocator-granularity=16"
    "memorysetup-bucket-allocator-bucket-count=8"
    "memorysetup-bucket-allocator-block-size=33554432"
    "memorysetup-bucket-allocator-block-count=8"
    "memorysetup-main-allocator-block-size=16777216"
    "memorysetup-thread-allocator-block-size=16777216"
    "memorysetup-gfx-main-allocator-block-size=16777216"
    "memorysetup-gfx-thread-allocator-block-size=16777216"
    "memorysetup-cache-allocator-block-size=4194304"
    "memorysetup-typetree-allocator-block-size=2097152"
    "memorysetup-profiler-bucket-allocator-granularity=16"
    "memorysetup-profiler-bucket-allocator-bucket-count=8"
    "memorysetup-profiler-bucket-allocator-block-size=33554432"
    "memorysetup-profiler-bucket-allocator-block-count=8"
    "memorysetup-profiler-allocator-block-size=16777216"
    "memorysetup-profiler-editor-allocator-block-size=1048576"
    "memorysetup-temp-allocator-size-main=16777216"
    "memorysetup-job-temp-allocator-block-size=2097152"
    "memorysetup-job-temp-allocator-block-size-background=1048576"
    "memorysetup-job-temp-allocator-reduction-small-platforms=262144"
    "memorysetup-allocator-temp-initial-block-size-main=262144"
    "memorysetup-allocator-temp-initial-block-size-worker=262144"
    "memorysetup-temp-allocator-size-background-worker=32768"
    "memorysetup-temp-allocator-size-job-worker=262144"
    "memorysetup-temp-allocator-size-preload-manager=33554432"
    "memorysetup-temp-allocator-size-nav-mesh-worker=65536"
    "memorysetup-temp-allocator-size-audio-worker=65536"
    "memorysetup-temp-allocator-size-cloud-worker=32768"
    "memorysetup-temp-allocator-size-gi-baking-worker=262144"
    "memorysetup-temp-allocator-size-gfx=262144"
Player connection [139687920751552] Host "[IP] 172.17.0.2 [Port] 55504 [Flags] 2 [Guid] 1637268934 [EditorId] 1637268934 [Version] 1048832 [Id] LinuxEditor(16,172.17.0.2) [Debug] 1 [PackageName] LinuxEditor [ProjectName] Editor" joined multi-casting on [225.0.0.222:54997]...

Player connection [139687920751552] Host "[IP] 172.17.0.2 [Port] 55504 [Flags] 2 [Guid] 1637268934 [EditorId] 1637268934 [Version] 1048832 [Id] LinuxEditor(16,172.17.0.2) [Debug] 1 [PackageName] LinuxEditor [ProjectName] Editor" joined alternative multi-casting on [225.0.0.222:34997]...

[Physics::Module] Initialized MultithreadedJobDispatcher with 3 workers.
[Package Manager] UpmClient::Connect -- Connected to IPC stream "Upm-2071" after 0.3 seconds.
[Licensing::Client] Successfully resolved entitlements
[Package Manager] Restoring resolved packages state from cache
[Licensing::Client] Successfully resolved entitlement details
[Package Manager] Registered 59 packages:
  Packages from [https://packages.unity.com]:
    com.unity.cinemachine@2.9.7 (location: /github/workspace/Library/PackageCache/com.unity.cinemachine@2.9.7)
    com.unity.collab-proxy@2.2.0 (location: /github/workspace/Library/PackageCache/com.unity.collab-proxy@2.2.0)
    com.unity.ide.rider@3.0.27 (location: /github/workspace/Library/PackageCache/com.unity.ide.rider@3.0.27)
    com.unity.ide.visualstudio@2.0.22 (location: /github/workspace/Library/PackageCache/com.unity.ide.visualstudio@2.0.22)
    com.unity.inputsystem@1.7.0 (location: /github/workspace/Library/PackageCache/com.unity.inputsystem@1.7.0)
    com.unity.test-framework@1.1.33 (location: /github/workspace/Library/PackageCache/com.unity.test-framework@1.1.33)
    com.unity.textmeshpro@3.0.6 (location: /github/workspace/Library/PackageCache/com.unity.textmeshpro@3.0.6)
    com.unity.timeline@1.7.6 (location: /github/workspace/Library/PackageCache/com.unity.timeline@1.7.6)
    com.unity.toolchain.linux-x86_64@2.0.9 (location: /github/workspace/Library/PackageCache/com.unity.toolchain.linux-x86_64@2.0.9)
    com.unity.visualscripting@1.9.1 (location: /github/workspace/Library/PackageCache/com.unity.visualscripting@1.9.1)
    com.unity.sysroot@2.0.10 (location: /github/workspace/Library/PackageCache/com.unity.sysroot@2.0.10)
    com.unity.sysroot.linux-x86_64@2.0.9 (location: /github/workspace/Library/PackageCache/com.unity.sysroot.linux-x86_64@2.0.9)
    com.unity.ext.nunit@1.0.6 (location: /github/workspace/Library/PackageCache/com.unity.ext.nunit@1.0.6)
    com.unity.2d.animation@9.0.4 (location: /github/workspace/Library/PackageCache/com.unity.2d.animation@9.0.4)
    com.unity.2d.pixel-perfect@5.0.3 (location: /github/workspace/Library/PackageCache/com.unity.2d.pixel-perfect@5.0.3)
    com.unity.2d.psdimporter@8.0.3 (location: /github/workspace/Library/PackageCache/com.unity.2d.psdimporter@8.0.3)
    com.unity.2d.spriteshape@9.0.2 (location: /github/workspace/Library/PackageCache/com.unity.2d.spriteshape@9.0.2)
    com.unity.2d.tilemap.extras@3.1.2 (location: /github/workspace/Library/PackageCache/com.unity.2d.tilemap.extras@3.1.2)
    com.unity.2d.aseprite@1.1.0 (location: /github/workspace/Library/PackageCache/com.unity.2d.aseprite@1.1.0)
    com.unity.2d.common@8.0.2 (location: /github/workspace/Library/PackageCache/com.unity.2d.common@8.0.2)
    com.unity.mathematics@1.2.6 (location: /github/workspace/Library/PackageCache/com.unity.mathematics@1.2.6)
    com.unity.collections@1.2.4 (location: /github/workspace/Library/PackageCache/com.unity.collections@1.2.4)
    com.unity.burst@1.8.11 (location: /github/workspace/Library/PackageCache/com.unity.burst@1.8.11)
  Built-in packages:
    com.unity.feature.2d@2.0.0 (location: /github/workspace/Library/PackageCache/com.unity.feature.2d@2.0.0)
    com.unity.ugui@1.0.0 (location: /github/workspace/Library/PackageCache/com.unity.ugui@1.0.0)
    com.unity.modules.ai@1.0.0 (location: /github/workspace/Library/PackageCache/com.unity.modules.ai@1.0.0)
    com.unity.modules.androidjni@1.0.0 (location: /github/workspace/Library/PackageCache/com.unity.modules.androidjni@1.0.0)
    com.unity.modules.animation@1.0.0 (location: /github/workspace/Library/PackageCache/com.unity.modules.animation@1.0.0)
    com.unity.modules.assetbundle@1.0.0 (location: /github/workspace/Library/PackageCache/com.unity.modules.assetbundle@1.0.0)
    com.unity.modules.audio@1.0.0 (location: /github/workspace/Library/PackageCache/com.unity.modules.audio@1.0.0)
    com.unity.modules.cloth@1.0.0 (location: /github/workspace/Library/PackageCache/com.unity.modules.cloth@1.0.0)
    com.unity.modules.director@1.0.0 (location: /github/workspace/Library/PackageCache/com.unity.modules.director@1.0.0)
    com.unity.modules.imageconversion@1.0.0 (location: /github/workspace/Library/PackageCache/com.unity.modules.imageconversion@1.0.0)
    com.unity.modules.imgui@1.0.0 (location: /github/workspace/Library/PackageCache/com.unity.modules.imgui@1.0.0)
    com.unity.modules.jsonserialize@1.0.0 (location: /github/workspace/Library/PackageCache/com.unity.modules.jsonserialize@1.0.0)
    com.unity.modules.particlesystem@1.0.0 (location: /github/workspace/Library/PackageCache/com.unity.modules.particlesystem@1.0.0)
    com.unity.modules.physics@1.0.0 (location: /github/workspace/Library/PackageCache/com.unity.modules.physics@1.0.0)
    com.unity.modules.physics2d@1.0.0 (location: /github/workspace/Library/PackageCache/com.unity.modules.physics2d@1.0.0)
    com.unity.modules.screencapture@1.0.0 (location: /github/workspace/Library/PackageCache/com.unity.modules.screencapture@1.0.0)
    com.unity.modules.terrain@1.0.0 (location: /github/workspace/Library/PackageCache/com.unity.modules.terrain@1.0.0)
    com.unity.modules.terrainphysics@1.0.0 (location: /github/workspace/Library/PackageCache/com.unity.modules.terrainphysics@1.0.0)
    com.unity.modules.tilemap@1.0.0 (location: /github/workspace/Library/PackageCache/com.unity.modules.tilemap@1.0.0)
    com.unity.modules.ui@1.0.0 (location: /github/workspace/Library/PackageCache/com.unity.modules.ui@1.0.0)
    com.unity.modules.uielements@1.0.0 (location: /github/workspace/Library/PackageCache/com.unity.modules.uielements@1.0.0)
    com.unity.modules.umbra@1.0.0 (location: /github/workspace/Library/PackageCache/com.unity.modules.umbra@1.0.0)
    com.unity.modules.unityanalytics@1.0.0 (location: /github/workspace/Library/PackageCache/com.unity.modules.unityanalytics@1.0.0)
    com.unity.modules.unitywebrequest@1.0.0 (location: /github/workspace/Library/PackageCache/com.unity.modules.unitywebrequest@1.0.0)
    com.unity.modules.unitywebrequestassetbundle@1.0.0 (location: /github/workspace/Library/PackageCache/com.unity.modules.unitywebrequestassetbundle@1.0.0)
    com.unity.modules.unitywebrequestaudio@1.0.0 (location: /github/workspace/Library/PackageCache/com.unity.modules.unitywebrequestaudio@1.0.0)
    com.unity.modules.unitywebrequesttexture@1.0.0 (location: /github/workspace/Library/PackageCache/com.unity.modules.unitywebrequesttexture@1.0.0)
    com.unity.modules.unitywebrequestwww@1.0.0 (location: /github/workspace/Library/PackageCache/com.unity.modules.unitywebrequestwww@1.0.0)
    com.unity.modules.vehicles@1.0.0 (location: /github/workspace/Library/PackageCache/com.unity.modules.vehicles@1.0.0)
    com.unity.modules.video@1.0.0 (location: /github/workspace/Library/PackageCache/com.unity.modules.video@1.0.0)
    com.unity.modules.vr@1.0.0 (location: /github/workspace/Library/PackageCache/com.unity.modules.vr@1.0.0)
    com.unity.modules.wind@1.0.0 (location: /github/workspace/Library/PackageCache/com.unity.modules.wind@1.0.0)
    com.unity.modules.xr@1.0.0 (location: /github/workspace/Library/PackageCache/com.unity.modules.xr@1.0.0)
    com.unity.modules.subsystems@1.0.0 (location: /github/workspace/Library/PackageCache/com.unity.modules.subsystems@1.0.0)
    com.unity.2d.sprite@1.0.0 (location: /github/workspace/Library/PackageCache/com.unity.2d.sprite@1.0.0)
    com.unity.2d.tilemap@1.0.0 (location: /github/workspace/Library/PackageCache/com.unity.2d.tilemap@1.0.0)
[Subsystems] No new subsystems found in resolved package list.
Package Manager log level set to [2]
[Package Manager] Done registering packages in 0.04 seconds
Refreshing native plugins compatible for Editor in 5.75 ms, found 1 plugins.
Preloading 0 native plugins for Editor in 0.00 ms.
Initialize engine version: 2022.3.17f1 (4fc78088f837)
[Subsystems] Discovering subsystems at path /opt/unity/Editor/Data/Resources/UnitySubsystems
[Subsystems] Discovering subsystems at path /github/workspace/Assets
GLX Extensions: GLX_ARB_context_flush_control GLX_ARB_create_context GLX_ARB_create_context_no_error GLX_ARB_create_context_profile GLX_ARB_fbconfig_float GLX_ARB_framebuffer_sRGB GLX_ARB_get_proc_address GLX_ARB_multisample GLX_EXT_create_context_es2_profile GLX_EXT_create_context_es_profile GLX_EXT_fbconfig_packed_float GLX_EXT_framebuffer_sRGB GLX_EXT_no_config_context GLX_EXT_texture_from_pixmap GLX_EXT_visual_info GLX_EXT_visual_rating GLX_MESA_copy_sub_buffer GLX_MESA_query_renderer GLX_OML_swap_method GLX_SGIS_multisample GLX_SGIX_fbconfig GLX_SGIX_pbuffer GLX_SGIX_visual_select_group GLX_SGI_make_current_read 
Renderer: llvmpipe (LLVM 15.0.7, 256 bits)
Vendor:   Mesa
Version:  4.5 (Core Profile) Mesa 23.2.1-1ubuntu3.1~22.04.2
GLES:     0
 GL_3DFX_texture_compression_FXT1 GL_AMD_conservative_depth GL_AMD_draw_buffers_blend GL_AMD_gpu_shader_int64 GL_AMD_multi_draw_indirect GL_AMD_pinned_memory GL_AMD_query_buffer_object GL_AMD_seamless_cubemap_per_texture GL_AMD_shader_stencil_export GL_AMD_shader_trinary_minmax GL_AMD_texture_texture4 GL_AMD_vertex_shader_layer GL_AMD_vertex_shader_viewport_index GL_ANGLE_texture_compression_dxt3 GL_ANGLE_texture_compression_dxt5 GL_ARB_ES2_compatibility GL_ARB_ES3_1_compatibility GL_ARB_ES3_2_compatibility GL_ARB_ES3_compatibility GL_ARB_arrays_of_arrays GL_ARB_base_instance GL_ARB_blend_func_extended GL_ARB_buffer_storage GL_ARB_clear_buffer_object GL_ARB_clear_texture GL_ARB_clip_control GL_ARB_compressed_texture_pixel_storage GL_ARB_compute_shader GL_ARB_conditional_render_inverted GL_ARB_conservative_depth GL_ARB_copy_buffer GL_ARB_copy_image GL_ARB_cull_distance GL_ARB_debug_output GL_ARB_depth_buffer_float GL_ARB_depth_clamp GL_ARB_derivative_control GL_ARB_direct_state_access GL_ARB_draw_buffers GL_A
RB_draw_buffers_blend GL_ARB_draw_elements_base_vertex GL_ARB_draw_indirect GL_ARB_draw_instanced GL_ARB_enhanced_layouts GL_ARB_explicit_attrib_location GL_ARB_explicit_uniform_location GL_ARB_fragment_coord_conventions GL_ARB_fragment_layer_viewport GL_ARB_fragment_shader GL_ARB_framebuffer_no_attachments GL_ARB_framebuffer_object GL_ARB_framebuffer_sRGB GL_ARB_get_program_binary GL_ARB_get_texture_sub_image GL_ARB_gl_spirv GL_ARB_gpu_shader5 GL_ARB_gpu_shader_fp64 GL_ARB_gpu_shader_int64 GL_ARB_half_float_pixel GL_ARB_half_float_vertex GL_ARB_indirect_parameters GL_ARB_instanced_arrays GL_ARB_internalformat_query GL_ARB_internalformat_query2 GL_ARB_invalidate_subdata GL_ARB_map_buffer_alignment GL_ARB_map_buffer_range GL_ARB_multi_bind GL_ARB_multi_draw_indirect GL_ARB_occlusion_query2 GL_ARB_parallel_shader_compile GL_ARB_pipeline_statistics_query GL_ARB_pixel_buffer_object GL_ARB_point_sprite GL_ARB_polygon_offset_clamp GL_ARB_post_depth_coverage GL_ARB_program_interface_query GL_ARB_provoking_vertex GL
_ARB_query_buffer_object GL_ARB_robust_buffer_access_behavior GL_ARB_robustness GL_ARB_sample_shading GL_ARB_sampler_objects GL_ARB_seamless_cube_map GL_ARB_seamless_cubemap_per_texture GL_ARB_separate_shader_objects GL_ARB_shader_atomic_counter_ops GL_ARB_shader_atomic_counters GL_ARB_shader_ballot GL_ARB_shader_bit_encoding GL_ARB_shader_clock GL_ARB_shader_draw_parameters GL_ARB_shader_group_vote GL_ARB_shader_image_load_store GL_ARB_shader_image_size GL_ARB_shader_objects GL_ARB_shader_precision GL_ARB_shader_stencil_export GL_ARB_shader_storage_buffer_object GL_ARB_shader_subroutine GL_ARB_shader_texture_image_samples GL_ARB_shader_texture_lod GL_ARB_shader_viewport_layer_array GL_ARB_shading_language_420pack GL_ARB_shading_language_include GL_ARB_shading_language_packing GL_ARB_spirv_extensions GL_ARB_stencil_texturing GL_ARB_sync GL_ARB_tessellation_shader GL_ARB_texture_barrier GL_ARB_texture_buffer_object GL_ARB_texture_buffer_object_rgb32 GL_ARB_texture_buffer_range GL_ARB_texture_compression_bptc 
GL_ARB_texture_compression_rgtc GL_ARB_texture_cube_map_array GL_ARB_texture_filter_anisotropic GL_ARB_texture_filter_minmax GL_ARB_texture_float GL_ARB_texture_gather GL_ARB_texture_mirror_clamp_to_edge GL_ARB_texture_multisample GL_ARB_texture_non_power_of_two GL_ARB_texture_query_levels GL_ARB_texture_query_lod GL_ARB_texture_rectangle GL_ARB_texture_rg GL_ARB_texture_rgb10_a2ui GL_ARB_texture_stencil8 GL_ARB_texture_storage GL_ARB_texture_storage_multisample GL_ARB_texture_swizzle GL_ARB_texture_view GL_ARB_timer_query GL_ARB_transform_feedback2 GL_ARB_transform_feedback3 GL_ARB_transform_feedback_instanced GL_ARB_transform_feedback_overflow_query GL_ARB_uniform_buffer_object GL_ARB_vertex_array_bgra GL_ARB_vertex_array_object GL_ARB_vertex_attrib_64bit GL_ARB_vertex_attrib_binding GL_ARB_vertex_buffer_object GL_ARB_vertex_shader GL_ARB_vertex_type_10f_11f_11f_rev GL_ARB_vertex_type_2_10_10_10_rev GL_ARB_viewport_array GL_ARM_shader_framebuffer_fetch_depth_stencil GL_ATI_blend_equation_separate GL_ATI_me
minfo GL_ATI_texture_float GL_ATI_texture_mirror_once GL_EXT_EGL_image_storage GL_EXT_EGL_sync GL_EXT_abgr GL_EXT_blend_equation_separate GL_EXT_debug_label GL_EXT_draw_buffers2 GL_EXT_draw_instanced GL_EXT_framebuffer_blit GL_EXT_framebuffer_multisample GL_EXT_framebuffer_multisample_blit_scaled GL_EXT_framebuffer_object GL_EXT_framebuffer_sRGB GL_EXT_memory_object GL_EXT_memory_object_fd GL_EXT_packed_depth_stencil GL_EXT_packed_float GL_EXT_pixel_buffer_object GL_EXT_polygon_offset_clamp GL_EXT_provoking_vertex GL_EXT_shader_framebuffer_fetch GL_EXT_shader_framebuffer_fetch_non_coherent GL_EXT_shader_integer_mix GL_EXT_texture_array GL_EXT_texture_compression_dxt1 GL_EXT_texture_compression_rgtc GL_EXT_texture_compression_s3tc GL_EXT_texture_filter_anisotropic GL_EXT_texture_filter_minmax GL_EXT_texture_integer GL_EXT_texture_mirror_clamp GL_EXT_texture_sRGB GL_EXT_texture_sRGB_R8 GL_EXT_texture_sRGB_RG8 GL_EXT_texture_sRGB_decode GL_EXT_texture_shadow_lod GL_EXT_texture_shared_exponent GL_EXT_texture_sno
rm GL_EXT_texture_swizzle GL_EXT_timer_query GL_EXT_transform_feedback GL_EXT_vertex_array_bgra GL_EXT_vertex_attrib_64bit GL_IBM_multimode_draw_arrays GL_INTEL_shader_atomic_float_minmax GL_KHR_blend_equation_advanced GL_KHR_blend_equation_advanced_coherent GL_KHR_context_flush_control GL_KHR_debug GL_KHR_no_error GL_KHR_parallel_shader_compile GL_KHR_robust_buffer_access_behavior GL_KHR_robustness GL_KHR_texture_compression_astc_ldr GL_KHR_texture_compression_astc_sliced_3d GL_MESA_framebuffer_flip_y GL_MESA_pack_invert GL_MESA_shader_integer_functions GL_MESA_texture_signed_rgba GL_MESA_ycbcr_texture GL_NVX_gpu_memory_info GL_NV_conditional_render GL_NV_copy_image GL_NV_depth_clamp GL_NV_packed_depth_stencil GL_NV_shader_atomic_float GL_NV_texture_barrier GL_OES_EGL_image GL_S3_s3tc
OPENGL LOG: Creating OpenGL 4.5 graphics device ; Context level  <OpenGL 4.5> ; Context handle 893547472
[Licensing::Client] Successfully resolved entitlements
Initialize mono
Mono path[0] = '/opt/unity/Editor/Data/Managed'
Mono path[1] = '/opt/unity/Editor/Data/MonoBleedingEdge/lib/mono/unityjit-linux'
Mono config path = '/opt/unity/Editor/Data/MonoBleedingEdge/etc'
Using monoOptions --debugger-agent=transport=dt_socket,embedding=1,server=y,suspend=n,address=127.0.0.1:56071
Code Coverage is enabled. Note that Code Coverage can affect the performance.
Using cacheserver namespaces - metadata:defaultmetadata, artifacts:defaultartifacts
Using cacheserver namespaces - metadata:defaultmetadata, artifacts:defaultartifacts
ImportWorker Server TCP listen port: 0
Begin MonoManager ReloadAssembly
Registering precompiled unity dll's ...
Register platform support module: /opt/unity/Editor/Data/PlaybackEngines/LinuxStandaloneSupport/UnityEditor.LinuxStandalone.Extensions.dll
Registered in 0.013086 seconds.
- Loaded All Assemblies, in  0.361 seconds
Native extension for LinuxStandalone target not found
Mono: successfully reloaded assembly
- Finished resetting the current domain, in  0.845 seconds
Domain Reload Profiling: 1207ms
	BeginReloadAssembly (70ms)
		ExecutionOrderSort (0ms)
		DisableScriptedObjects (0ms)
		BackupInstance (0ms)
		ReleaseScriptingObjects (0ms)
		CreateAndSetChildDomain (1ms)
	RebuildCommonClasses (35ms)
	RebuildNativeTypeToScriptingClass (7ms)
	initialDomainReloadingComplete (117ms)
	LoadAllAssembliesAndSetupDomain (131ms)
		LoadAssemblies (68ms)
		RebuildTransferFunctionScriptingTraits (0ms)
		AnalyzeDomain (128ms)
			TypeCache.Refresh (127ms)
				TypeCache.ScanAssembly (115ms)
			ScanForSourceGeneratedMonoScriptInfo (0ms)
			ResolveRequiredComponents (0ms)
	FinalizeReload (847ms)
		ReleaseScriptCaches (0ms)
		RebuildScriptCaches (0ms)
		SetupLoadedEditorAssemblies (730ms)
			LogAssemblyErrors (0ms)
			InitializePlatformSupportModulesInManaged (61ms)
			SetLoadedEditorAssemblies (15ms)
			RefreshPlugins (0ms)
			BeforeProcessingInitializeOnLoad (19ms)
			ProcessInitializeOnLoadAttributes (475ms)
			ProcessInitializeOnLoadMethodAttributes (159ms)
			AfterProcessingInitializeOnLoad (0ms)
			EditorAssembliesLoaded (1ms)
		ExecutionOrderSort2 (0ms)
		AwakeInstancesAfterBackupRestoration (0ms)
[Licensing::Client] Successfully resolved entitlements
Application.AssetDatabase Initial Refresh Start
[40m[32minfo[39m[22m[49m: Microsoft.Hosting.Lifetime[14]
      Now listening on: http://unix:/tmp/ilpp.sock-f07a9074cf124f978827f2e08a2ba3a4
[40m[32minfo[39m[22m[49m: Microsoft.Hosting.Lifetime[0]
      Application started. Press Ctrl+C to shut down.
[40m[32minfo[39m[22m[49m: Microsoft.Hosting.Lifetime[0]
      Hosting environment: Production
[40m[32minfo[39m[22m[49m: Microsoft.Hosting.Lifetime[0]
      Content root path: /github/workspace/
[40m[32minfo[39m[22m[49m: Microsoft.AspNetCore.Hosting.Diagnostics[1]
      Request starting HTTP/2 POST http://ilpp/UnityILPP.PostProcessing/Ping application/grpc -
[40m[32minfo[39m[22m[49m: Microsoft.AspNetCore.Routing.EndpointMiddleware[0]
      Executing endpoint 'gRPC - /UnityILPP.PostProcessing/Ping'
[40m[32minfo[39m[22m[49m: Microsoft.AspNetCore.Routing.EndpointMiddleware[1]
      Executed endpoint 'gRPC - /UnityILPP.PostProcessing/Ping'
[40m[32minfo[39m[22m[49m: Microsoft.AspNetCore.Hosting.Diagnostics[2]
      Request finished HTTP/2 POST http://ilpp/UnityILPP.PostProcessing/Ping application/grpc - - 200 - application/grpc 54.9942ms
Starting: /opt/unity/Editor/Data/bee_backend --dont-print-to-structured-log --ipc --defer-dag-verification --dagfile="Library/Bee/2400b0aEDbg.dag" --continue-on-failure --profile="Library/Bee/backend1.traceevents" ScriptAssemblies
WorkingDir: /github/workspace
[40m[32minfo[39m[22m[49m: Microsoft.AspNetCore.Hosting.Diagnostics[1]
      Request starting HTTP/2 POST http://ilpp/UnityILPP.PostProcessing/ConfigurePostProcessors application/grpc -
[40m[32minfo[39m[22m[49m: Microsoft.AspNetCore.Routing.EndpointMiddleware[0]
      Executing endpoint 'gRPC - /UnityILPP.PostProcessing/ConfigurePostProcessors'
[40m[1m[33mwarn[39m[22m[49m: Unity.ILPP.Runner.PostProcessingAssemblyLoadContext[0]
      Assembly system.runtime.interopservices.windowsruntime has duplicate hint path. Ignoring "/opt/unity/Editor/Data/UnityReferenceAssemblies/unity-4.8-api/Facades/System.Runtime.InteropServices.WindowsRuntime.dll" in favor of "/opt/unity/Editor/Data/NetStandard/Extensions/2.0.0/System.Runtime.InteropServices.WindowsRuntime.dll"
[40m[1m[33mwarn[39m[22m[49m: Unity.ILPP.Runner.PostProcessingAssemblyLoadContext[0]
      Assembly system.componentmodel.composition has duplicate hint path. Ignoring "/opt/unity/Editor/Data/UnityReferenceAssemblies/unity-4.8-api/System.ComponentModel.Composition.dll" in favor of "/opt/unity/Editor/Data/NetStandard/compat/2.1.0/shims/netfx/System.ComponentModel.Composition.dll"
[40m[32minfo[39m[22m[49m: Unity.ILPP.Runner.PostProcessingAssemblyLoadContext[0]
      Resolved Unity.Burst.Cecil, Version=0.11.4.0, Culture=neutral, PublicKeyToken=50cebf1cceb9d05e with Library/PackageCache/com.unity.burst@1.8.11/Unity.Burst.CodeGen/Unity.Burst.Cecil.dll
[40m[32minfo[39m[22m[49m: Microsoft.AspNetCore.Routing.EndpointMiddleware[1]
      Executed endpoint 'gRPC - /UnityILPP.PostProcessing/ConfigurePostProcessors'
[40m[32minfo[39m[22m[49m: Microsoft.AspNetCore.Hosting.Diagnostics[2]
      Request finished HTTP/2 POST http://ilpp/UnityILPP.PostProcessing/ConfigurePostProcessors application/grpc - - 200 - application/grpc 56.8352ms
DisplayProgressbar: Compiling Scripts
ExitCode: 0 Duration: 0s341ms
[514/677    0s] ILPP-Configuration Library/ilpp-configuration.nevergeneratedoutput
*** Tundra build success (0.32 seconds), 1 items updated, 677 evaluated
Total cache size 390184
Total cache size after purge 390184
AssetDatabase: script compilation time: 1.739254s
Begin MonoManager ReloadAssembly
- Loaded All Assemblies, in  0.724 seconds
Refreshing native plugins compatible for Editor in 2.60 ms, found 1 plugins.
Preloading 0 native plugins for Editor in 0.00 ms.
Refreshing native plugins compatible for Editor in 2.76 ms, found 1 plugins.
Native extension for LinuxStandalone target not found
Mono: successfully reloaded assembly
- Finished resetting the current domain, in  5.346 seconds
Domain Reload Profiling: 6067ms
	BeginReloadAssembly (198ms)
		ExecutionOrderSort (0ms)
		DisableScriptedObjects (18ms)
		BackupInstance (0ms)
		ReleaseScriptingObjects (0ms)
		CreateAndSetChildDomain (39ms)
	RebuildCommonClasses (34ms)
	RebuildNativeTypeToScriptingClass (8ms)
	initialDomainReloadingComplete (79ms)
	LoadAllAssembliesAndSetupDomain (401ms)
		LoadAssemblies (268ms)
		RebuildTransferFunctionScriptingTraits (0ms)
		AnalyzeDomain (184ms)
			TypeCache.Refresh (148ms)
				TypeCache.ScanAssembly (137ms)
			ScanForSourceGeneratedMonoScriptInfo (26ms)
			ResolveRequiredComponents (9ms)
	FinalizeReload (5348ms)
		ReleaseScriptCaches (0ms)
		RebuildScriptCaches (0ms)
		SetupLoadedEditorAssemblies (4989ms)
			LogAssemblyErrors (0ms)
			InitializePlatformSupportModulesInManaged (56ms)
			SetLoadedEditorAssemblies (14ms)
			RefreshPlugins (0ms)
			BeforeProcessingInitializeOnLoad (229ms)
			ProcessInitializeOnLoadAttributes (4476ms)
			ProcessInitializeOnLoadMethodAttributes (200ms)
			AfterProcessingInitializeOnLoad (11ms)
			EditorAssembliesLoaded (2ms)
		ExecutionOrderSort2 (0ms)
		AwakeInstancesAfterBackupRestoration (34ms)
Asset Pipeline Refresh (id=83e50af870c63aee3904da577e03977a): Total: 9.677 seconds - Initiated by InitialRefreshV2(ForceSynchronousImport)
	Summary:
		Imports: total=0 (actual=0, local cache=0, cache server=0)
		Asset DB Process Time: managed=0 ms, native=1624 ms
		Asset DB Callback time: managed=47 ms, native=0 ms
		Scripting: domain reloads=1, domain reload time=6180 ms, compile time=1739 ms, other=84 ms
		Project Asset Count: scripts=5572, non-scripts=1889
		Asset File Changes: new=0, changed=0, moved=0, deleted=0
		Scan Filter Count: 1
	InvokeBeforeRefreshCallbacks: 0.145ms
	ApplyChangesToAssetFolders: 0.120ms
	Scan: 398.976ms
	OnSourceAssetsModified: 0.003ms
	GetAllGuidsForCategorization: 0.920ms
	CategorizeAssets: 247.865ms
	ImportOutOfDateAssets: 5393.494ms (3629.351ms without children)
		CompileScripts: 1739.374ms
		ReloadNativeAssets: 0.001ms
		UnloadImportedAssets: 19.527ms
		EnsureUptoDateAssetsAreRegisteredWithGuidPM: 3.437ms
		InitializingProgressBar: 0.001ms
		PostProcessAllAssetNotificationsAddChangedAssets: 0.001ms
		OnDemandSchedulerStart: 1.804ms
	PostProcessAllAssets: 47.602ms
	GatherAllCurrentPrimaryArtifactRevisions: 0.001ms
	UnloadStreamsBegin: 1.002ms
	PersistCurrentRevisions: 0.304ms
	UnloadStreamsEnd: 0.027ms
	GenerateScriptTypeHashes: 6.337ms
	Untracked: 3586.445ms
Application.AssetDatabase Initial Refresh End
Launched and connected shader compiler UnityShaderCompiler after 0.02 seconds
Scanning for USB devices : 0.152ms
Initializing Unity extensions:
[Licensing::Client] Successfully resolved entitlements
UpdateMenuTitleForLanguage: 10
[MODES] ModeService[none].Initialize
[MODES] ModeService[none].LoadModes
[MODES] Loading mode Default (0) for mode-current-id-DementiaTales
ProgressiveSceneManager::Cancel()
Unloading 4 Unused Serialized files (Serialized files now loaded: 0)
Unloading 96 unused Assets / (386.4 KB). Loaded Objects now: 5115.
Memory consumption went from 127.9 MB to 127.5 MB.
Total: 9.490988 ms (FindLiveObjects: 0.282287 ms CreateObjectMapping: 0.095138 ms MarkObjects: 8.014080 ms  DeleteObjects: 1.098671 ms)

Batchmode quit successfully invoked - shutting down!
[Licensing::IpcConnector] License Notification channel disconnected successfully.
[Licensing::IpcConnector] License Client channel disconnected successfully.
[40m[32minfo[39m[22m[49m: Microsoft.Hosting.Lifetime[0]
      Application is shutting down...
[40m[32minfo[39m[22m[49m: Unity.ILPP.Runner.PostProcessingAssemblyLoadContext[0]
      ALC ILPP context 1 is unloading
Cleanup mono
debugger-agent: Unable to listen on 49
[Performance] Application.InitializeProject                                                                                  :        1 samples, Peak.  12.1 s (1.0x), Avg.  12.1 s, Total. 12.06 s (37.2%)
[Performance] Application.PackageManager.StartServer                                                                         :        1 samples, Peak.  1.94 ms (1.0x), Avg.  1.94 ms, Total. 1.943 ms (0.0%)
[Performance] Application.AcquireProjectLock                                                                                 :        1 samples, Peak.   848 us (1.0x), Avg.   848 us, Total. 848.2 us (0.0%)
[Performance] Application.InitializeEngineNoGraphics                                                                         :        1 samples, Peak.  77.2 ms (1.0x), Avg.  77.2 ms, Total. 77.23 ms (0.2%)
[Performance] Application.PackageManager.Initialize                                                                          :        1 samples, Peak.   270 ms (1.0x), Avg.   270 ms, Total. 270.3 ms (0.8%)
[Performance] Connecting to Package Manager                                                                                  :       28 samples, Peak.  30.5 us (16.9x), Avg.  1.81 us, Total. 50.60 us (0.0%)
[Performance] Application.EngineGraphics.Initialize                                                                          :        1 samples, Peak.  42.9 ms (1.0x), Avg.  42.9 ms, Total. 42.92 ms (0.1%)
[Performance] Application.GI.Initialize                                                                                      :        1 samples, Peak.  5.63 ms (1.0x), Avg.  5.63 ms, Total. 5.629 ms (0.0%)
[Performance] Application.LoadAllDefaultResourcesFromEditor                                                                  :        1 samples, Peak.  3.06 ms (1.0x), Avg.  3.06 ms, Total. 3.063 ms (0.0%)
[Performance] Application.LoadMonoAssemblies                                                                                 :        1 samples, Peak.  1.22 s (1.0x), Avg.  1.22 s, Total. 1.219 s (3.8%)
[Performance] RestoreManagedReferences                                                                                       :        2 samples, Peak.   115 ms (2.0x), Avg.  57.7 ms, Total. 115.3 ms (0.4%)
[Performance] InitializeOnLoad MenuItems                                                                                     :        2 samples, Peak.  4.18 ms (1.0x), Avg.  4.12 ms, Total. 8.230 ms (0.0%)
[Performance] InitializeOnLoad AssetStoreContext                                                                             :        2 samples, Peak.  30.3 ms (1.1x), Avg.  27.0 ms, Total. 54.06 ms (0.2%)
[Performance] InitializeOnLoad ManagedDebuggerWindow                                                                         :        2 samples, Peak.  3.80 ms (1.0x), Avg.  3.76 ms, Total. 7.515 ms (0.0%)
[Performance] InitializeOnLoad CacheServerWindow                                                                             :        2 samples, Peak.  15.9 us (1.1x), Avg.  14.4 us, Total. 28.81 us (0.0%)
[Performance] InitializeOnLoad ObjectSelectorSearch                                                                          :        2 samples, Peak.   826 us (1.0x), Avg.   798 us, Total. 1.595 ms (0.0%)
[Performance] InitializeOnLoad SettingsService                                                                               :        2 samples, Peak.  16.4 us (1.2x), Avg.  13.7 us, Total. 27.30 us (0.0%)
[Performance] InitializeOnLoad ProjectSearch                                                                                 :        2 samples, Peak.   554 us (1.0x), Avg.   542 us, Total. 1.083 ms (0.0%)
[Performance] InitializeOnLoad MixerEffectDefinitionReloader                                                                 :        2 samples, Peak.  25.6 ms (1.5x), Avg.  17.1 ms, Total. 34.13 ms (0.1%)
[Performance] InitializeOnLoad ManagedDebugger                                                                               :        2 samples, Peak.  2.49 us (1.1x), Avg.  2.18 us, Total. 4.358 us (0.0%)
[Performance] InitializeOnLoad SceneSearch                                                                                   :        2 samples, Peak.   607 us (1.0x), Avg.   598 us, Total. 1.196 ms (0.0%)
[Performance] InitializeOnLoad EditMode                                                                                      :        2 samples, Peak.  2.39 ms (1.1x), Avg.  2.14 ms, Total. 4.280 ms (0.0%)
[Performance] InitializeOnLoad CloudBuild                                                                                    :        2 samples, Peak.  7.57 us (1.2x), Avg.  6.35 us, Total. 12.70 us (0.0%)
[Performance] InitializeOnLoad DrivenRectTransformUndo                                                                       :        2 samples, Peak.  1.23 ms (1.0x), Avg.  1.23 ms, Total. 2.461 ms (0.0%)
[Performance] InitializeOnLoad PrefabInstanceChangedListener                                                                 :        2 samples, Peak.  1.63 ms (1.0x), Avg.  1.60 ms, Total. 3.201 ms (0.0%)
[Performance] InitializeOnLoad UISystemProfilerRenderService                                                                 :        2 samples, Peak.  10.8 us (1.0x), Avg.  10.6 us, Total. 21.11 us (0.0%)
[Performance] InitializeOnLoad PlayModeDownload                                                                              :        2 samples, Peak.  17.5 ms (1.8x), Avg.  9.61 ms, Total. 19.23 ms (0.1%)
[Performance] InitializeOnLoad UnityConnect                                                                                  :        2 samples, Peak.  1.05 ms (1.0x), Avg.  1.03 ms, Total. 2.069 ms (0.0%)
[Performance] InitializeOnLoad ShortcutIntegration                                                                           :        2 samples, Peak.   553 us (1.0x), Avg.   547 us, Total. 1.093 ms (0.0%)
[Performance] InitializeOnLoad SearchService                                                                                 :        2 samples, Peak.   643 us (1.0x), Avg.   631 us, Total. 1.263 ms (0.0%)
[Performance] InitializeOnLoad WindowLayout                                                                                  :        2 samples, Peak.   586 us (1.0x), Avg.   560 us, Total. 1.121 ms (0.0%)
[Performance] InitializeOnLoad NativeFormatImporterUtility                                                                   :        2 samples, Peak.  7.00 ms (1.0x), Avg.  6.85 ms, Total. 13.70 ms (0.0%)
[Performance] InitializeOnLoad AddComponentWindow                                                                            :        2 samples, Peak.  1.59 ms (1.2x), Avg.  1.34 ms, Total. 2.684 ms (0.0%)
[Performance] InitializeOnLoad EditorMonitor                                                                                 :        2 samples, Peak.  2.53 ms (1.1x), Avg.  2.26 ms, Total. 4.514 ms (0.0%)
[Performance] InitializeOnLoad RetainedMode                                                                                  :        2 samples, Peak.  10.3 ms (1.0x), Avg.  10.2 ms, Total. 20.49 ms (0.1%)
[Performance] InitializeOnLoad EditorShaderLoader                                                                            :        2 samples, Peak.  2.83 ms (1.1x), Avg.  2.61 ms, Total. 5.213 ms (0.0%)
[Performance] InitializeOnLoad EditorDelegateRegistration                                                                    :        2 samples, Peak.  2.14 ms (1.0x), Avg.  2.10 ms, Total. 4.195 ms (0.0%)
[Performance] InitializeOnLoad LiveReloadTrackerCreator                                                                      :        2 samples, Peak.  1.59 ms (1.1x), Avg.  1.41 ms, Total. 2.821 ms (0.0%)
[Performance] InitializeOnLoad UxmlObjectEditorFactories                                                                     :        2 samples, Peak.  1.01 ms (1.0x), Avg.   978 us, Total. 1.956 ms (0.0%)
[Performance] InitializeOnLoad UIDocumentHierarchyWatcher                                                                    :        2 samples, Peak.  1.06 ms (1.0x), Avg.  1.05 ms, Total. 2.097 ms (0.0%)
[Performance] InitializeOnLoad UXMLEditorFactories                                                                           :        2 samples, Peak.   205 ms (1.0x), Avg.   196 ms, Total. 391.3 ms (1.2%)
[Performance] InitializeOnLoad BuildService                                                                                  :        2 samples, Peak.  14.3 ms (1.0x), Avg.  14.0 ms, Total. 27.93 ms (0.1%)
[Performance] InitializeOnLoad AdsService                                                                                    :        2 samples, Peak.  8.04 ms (1.0x), Avg.  7.66 ms, Total. 15.31 ms (0.0%)
[Performance] InitializeOnLoad UDPService                                                                                    :        2 samples, Peak.  7.23 ms (1.1x), Avg.  6.43 ms, Total. 12.85 ms (0.0%)
[Performance] InitializeOnLoad EditorGameServicesAnalytics                                                                   :        2 samples, Peak.  10.2 ms (1.3x), Avg.  7.82 ms, Total. 15.65 ms (0.0%)
[Performance] InitializeOnLoad ServicesRepository                                                                            :        2 samples, Peak.  2.09 us (1.1x), Avg.  1.97 us, Total. 3.947 us (0.0%)
[Performance] InitializeOnLoad CrashService                                                                                  :        2 samples, Peak.  8.51 ms (1.0x), Avg.  8.44 ms, Total. 16.88 ms (0.1%)
[Performance] InitializeOnLoad PurchasingService                                                                             :        2 samples, Peak.  19.6 ms (1.2x), Avg.  16.2 ms, Total. 32.44 ms (0.1%)
[Performance] InitializeOnLoad AnalyticsService                                                                              :        2 samples, Peak.  9.02 ms (1.1x), Avg.  8.42 ms, Total. 16.84 ms (0.1%)
[Performance] InitializeOnLoad CloudBuildPoller                                                                              :        2 samples, Peak.  2.17 ms (1.0x), Avg.  2.12 ms, Total. 4.241 ms (0.0%)
[Performance] InitializeOnLoad SearchWindow                                                                                  :        2 samples, Peak.   879 us (1.0x), Avg.   857 us, Total. 1.714 ms (0.0%)
[Performance] InitializeOnLoad SearchMonitor                                                                                 :        2 samples, Peak.  10.6 ms (1.1x), Avg.  10.0 ms, Total. 20.06 ms (0.1%)
[Performance] InitializeOnLoad CustomIndexers                                                                                :        2 samples, Peak.  68.5 ms (1.0x), Avg.  67.7 ms, Total. 135.5 ms (0.4%)
[Performance] InitializeOnLoad ParameterControllerEditor                                                                     :        2 samples, Peak.  29.5 us (1.1x), Avg.  28.0 us, Total. 55.92 us (0.0%)
[Performance] InitializeOnLoad LayerSettingsWindow                                                                           :        2 samples, Peak.  30.8 us (1.7x), Avg.  18.2 us, Total. 36.40 us (0.0%)
[Performance] InitializeOnLoad PackageManagerHookGUIDConverter.RegisterPackagesEventHandler                                  :        2 samples, Peak.  1.42 ms (1.2x), Avg.  1.14 ms, Total. 2.280 ms (0.0%)
[Performance] InitializeOnLoad EditorDragAndDrop.RegisterEditorClient                                                        :        2 samples, Peak.  1.72 ms (1.1x), Avg.  1.53 ms, Total. 3.063 ms (0.0%)
[Performance] InitializeOnLoad EditorEventCallbacks.InitializeFontAssetResourceChangeCallBacks                               :        2 samples, Peak.  3.01 ms (1.0x), Avg.  2.88 ms, Total. 5.760 ms (0.0%)
[Performance] InitializeOnLoad SceneTemplateService.Init                                                                     :        2 samples, Peak.  9.40 ms (1.1x), Avg.  8.88 ms, Total. 17.76 ms (0.1%)
[Performance] InitializeOnLoad DiagnosticSwitchesConsoleMessage.Init                                                         :        2 samples, Peak.  12.9 ms (1.7x), Avg.  7.72 ms, Total. 15.45 ms (0.0%)
[Performance] InitializeOnLoad RectSelection.RegisterShortcutContext                                                         :        2 samples, Peak.  1.64 ms (1.2x), Avg.  1.42 ms, Total. 2.846 ms (0.0%)
[Performance] InitializeOnLoad SceneVisibilityManager.Initialize                                                             :        2 samples, Peak.  19.3 ms (1.6x), Avg.  12.2 ms, Total. 24.39 ms (0.1%)
[Performance] InitializeOnLoad ScopedRegistryAddedPopup.SubscribeToRegistriesAdded                                           :        2 samples, Peak.  94.1 ms (1.4x), Avg.  68.5 ms, Total. 137.0 ms (0.4%)
[Performance] InitializeOnLoad SceneViewMotion.RegisterShortcutContexts                                                      :        2 samples, Peak.   930 us (1.2x), Avg.   791 us, Total. 1.582 ms (0.0%)
[Performance] InitializeOnLoad SysrootManager.Initialize                                                                     :        2 samples, Peak.  3.38 ms (2.0x), Avg.  1.70 ms, Total. 3.393 ms (0.0%)
[Performance] InitializeOnLoad EditorWindow.Initialize                                                                       :        2 samples, Peak.  1.76 ms (1.2x), Avg.  1.49 ms, Total. 2.973 ms (0.0%)
[Performance] InitializeOnLoad PackageManagerWindow.EditorInitializedInSafeMode                                              :        2 samples, Peak.  1.92 ms (1.1x), Avg.  1.71 ms, Total. 3.418 ms (0.0%)
[Performance] InitializeOnLoad ToolShortcutContext.Init                                                                      :        2 samples, Peak.   849 us (1.1x), Avg.   765 us, Total. 1.530 ms (0.0%)
[Performance] InitializeOnLoad MemoryProfilerCompilationGuard.InjectCompileGuard                                             :        2 samples, Peak.   789 us (1.1x), Avg.   725 us, Total. 1.449 ms (0.0%)
[Performance] InitializeOnLoad AssetPostprocessingInternal.RefreshCustomDependencies                                         :        2 samples, Peak.  16.6 ms (1.3x), Avg.  13.3 ms, Total. 26.58 ms (0.1%)
[Performance] AssemblyReloadEvents.afterAssemblyReload: UnityEditor.SceneTemplate.SceneTemplateService.AfterAssemblyReload   :        2 samples, Peak.  8.64 ms (1.6x), Avg.  5.46 ms, Total. 10.91 ms (0.0%)
[Performance] ProcessService.EditorAfterLoadAllAssemblies                                                                    :        2 samples, Peak.  1.89 ms (1.1x), Avg.  1.76 ms, Total. 3.519 ms (0.0%)
[Performance] Application.ReadLicenseInfo                                                                                    :        1 samples, Peak.  12.2 ms (1.0x), Avg.  12.2 ms, Total. 12.17 ms (0.0%)
[Performance] Application.InitialRefresh                                                                                     :        1 samples, Peak.  9.68 s (1.0x), Avg.  9.68 s, Total. 9.682 s (29.9%)
[Performance] Compiling Scripts                                                                                              :        1 samples, Peak.  1.74 s (1.0x), Avg.  1.74 s, Total. 1.739 s (5.4%)
[Performance] AssemblyReloadEvents.beforeAssemblyReload: UnityEditor.SceneTemplate.SceneTemplateService.BeforeAssemblyReload :        1 samples, Peak.  3.56 ms (1.0x), Avg.  3.56 ms, Total. 3.556 ms (0.0%)
[Performance] InitializeOnLoad TouchSimulation                                                                               :        1 samples, Peak.   294 us (1.0x), Avg.   294 us, Total. 293.9 us (0.0%)
[Performance] InitializeOnLoad InputSystem                                                                                   :        1 samples, Peak.  85.5 ms (1.0x), Avg.  85.5 ms, Total. 85.49 ms (0.3%)
[Performance] InitializeOnLoad OnDomainReload                                                                                :        1 samples, Peak.   877 us (1.0x), Avg.   877 us, Total. 876.9 us (0.0%)
[Performance] InitializeOnLoad EditorInitialize                                                                              :        3 samples, Peak.  30.5 ms (2.4x), Avg.  12.9 ms, Total. 38.62 ms (0.1%)
[Performance] InitializeOnLoad CanvasesAndTheirOwners                                                                        :        1 samples, Peak.   232 us (1.0x), Avg.   232 us, Total. 231.8 us (0.0%)
[Performance] InitializeOnLoad BurstLoader                                                                                   :        1 samples, Peak.  2.97 s (1.0x), Avg.  2.97 s, Total. 2.967 s (9.2%)
[Performance] InitializeOnLoad CinemachineEditorAnalytics                                                                    :        1 samples, Peak.   344 us (1.0x), Avg.   344 us, Total. 344.2 us (0.0%)
[Performance] InitializeOnLoad SaveDuringPlay                                                                                :        1 samples, Peak.   163 us (1.0x), Avg.   163 us, Total. 163.1 us (0.0%)
[Performance] InitializeOnLoad CollectGizmoDrawers                                                                           :        1 samples, Peak.  16.7 ms (1.0x), Avg.  16.7 ms, Total. 16.68 ms (0.1%)
[Performance] InitializeOnLoad CinemachineScreenComposerGuidesGlobalDraggable                                                :        1 samples, Peak.   175 us (1.0x), Avg.   175 us, Total. 175.2 us (0.0%)
[Performance] InitializeOnLoad CinemachineStoryboardMute                                                                     :        1 samples, Peak.   123 us (1.0x), Avg.   123 us, Total. 123.4 us (0.0%)
[Performance] InitializeOnLoad CreateRigWithUndo                                                                             :        1 samples, Peak.   214 us (1.0x), Avg.   214 us, Total. 214.4 us (0.0%)
[Performance] InitializeOnLoad CreatePipelineWithUndo                                                                        :        1 samples, Peak.   199 us (1.0x), Avg.   199 us, Total. 198.5 us (0.0%)
[Performance] InitializeOnLoad CinemachineColliderPrefs                                                                      :        1 samples, Peak.  1.03 ms (1.0x), Avg.  1.03 ms, Total. 1.030 ms (0.0%)
[Performance] InitializeOnLoad SyncCacheEnabledSetting                                                                       :        1 samples, Peak.  1.47 ms (1.0x), Avg.  1.47 ms, Total. 1.469 ms (0.0%)
[Performance] InitializeOnLoad PlasticPlugin                                                                                 :        1 samples, Peak.   193 ms (1.0x), Avg.   193 ms, Total. 192.7 ms (0.6%)
[Performance] InitializeOnLoad BackgroundWatcher                                                                             :        1 samples, Peak.   236 us (1.0x), Avg.   236 us, Total. 236.3 us (0.0%)
[Performance] InitializeOnLoad UnityTestProtocolStarter                                                                      :        1 samples, Peak.   343 us (1.0x), Avg.   343 us, Total. 342.7 us (0.0%)
[Performance] InitializeOnLoad TestStarter                                                                                   :        1 samples, Peak.  1.19 ms (1.0x), Avg.  1.19 ms, Total. 1.190 ms (0.0%)
[Performance] InitializeOnLoad RerunCallbackInitializer                                                                      :        1 samples, Peak.  8.63 ms (1.0x), Avg.  8.63 ms, Total. 8.627 ms (0.0%)
[Performance] InitializeOnLoad EditorToolManager                                                                             :        1 samples, Peak.  9.97 ms (1.0x), Avg.  9.97 ms, Total. 9.970 ms (0.0%)
[Performance] InitializeOnLoad VSUsageUtility                                                                                :        1 samples, Peak.  59.2 ms (1.0x), Avg.  59.2 ms, Total. 59.18 ms (0.2%)
[Performance] InitializeOnLoad ToolbarBootstrap                                                                              :        1 samples, Peak.   448 ms (1.0x), Avg.   448 ms, Total. 448.1 ms (1.4%)
[Performance] Package.AsyncRequest                                                                                           :        5 samples, Peak.   656 us (4.9x), Avg.   132 us, Total. 662.4 us (0.0%)
[Performance] InitializeOnLoad VisualStudioEditor                                                                            :        1 samples, Peak.  35.4 ms (1.0x), Avg.  35.4 ms, Total. 35.43 ms (0.1%)
[Performance] InitializeOnLoad VisualStudioIntegration                                                                       :        1 samples, Peak.  13.2 ms (1.0x), Avg.  13.2 ms, Total. 13.25 ms (0.0%)
[Performance] InitializeOnLoad TestRunnerApiListener                                                                         :        1 samples, Peak.   269 us (1.0x), Avg.   269 us, Total. 268.8 us (0.0%)
[Performance] InitializeOnLoad PrefabLayoutRebuilder                                                                         :        1 samples, Peak.  1.22 ms (1.0x), Avg.  1.22 ms, Total. 1.220 ms (0.0%)
[Performance] InitializeOnLoad SpriteSkinCompositeStartup                                                                    :        1 samples, Peak.   122 ms (1.0x), Avg.   122 ms, Total. 121.7 ms (0.4%)
[Performance] InitializeOnLoad RiderScriptEditor                                                                             :        1 samples, Peak.  7.39 ms (1.0x), Avg.  7.39 ms, Total. 7.391 ms (0.0%)
[Performance] InitializeOnLoad CallbackInitializer                                                                           :        1 samples, Peak.  3.37 ms (1.0x), Avg.  3.37 ms, Total. 3.369 ms (0.0%)
[Performance] InitializeOnLoad SpriteEditorWindow                                                                            :        1 samples, Peak.  1.98 ms (1.0x), Avg.  1.98 ms, Total. 1.985 ms (0.0%)
[Performance] InitializeOnLoad BoneGizmoInitializer                                                                          :        1 samples, Peak.  10.8 ms (1.0x), Avg.  10.8 ms, Total. 10.78 ms (0.0%)
[Performance] InitializeOnLoad UnityAnalyticsStorage                                                                         :        1 samples, Peak.   383 us (1.0x), Avg.   383 us, Total. 383.2 us (0.0%)
[Performance] InitializeOnLoad Analytics                                                                                     :        1 samples, Peak.   319 us (1.0x), Avg.   319 us, Total. 318.9 us (0.0%)
[Performance] InitializeOnLoad BackgroundImport                                                                              :        1 samples, Peak.   241 us (1.0x), Avg.   241 us, Total. 241.1 us (0.0%)
[Performance] InitializeOnLoad SceneDragAndDrop                                                                              :        1 samples, Peak.   304 us (1.0x), Avg.   304 us, Total. 303.7 us (0.0%)
[Performance] InitializeOnLoad SpriteShapeUpdateCache                                                                        :        1 samples, Peak.  2.09 ms (1.0x), Avg.  2.09 ms, Total. 2.088 ms (0.0%)
[Performance] InitializeOnLoad SpriteShapeUnityAnalyticsStorage                                                              :        1 samples, Peak.  24.3 us (1.0x), Avg.  24.3 us, Total. 24.31 us (0.0%)
[Performance] InitializeOnLoad IKEditorManager.CreateInstance                                                                :        1 samples, Peak.  3.71 ms (1.0x), Avg.  3.71 ms, Total. 3.711 ms (0.0%)
[Performance] InitializeOnLoad $BurstDirectCallInitializer.Initialize                                                        :        7 samples, Peak.  41.9 ms (4.3x), Avg.  9.85 ms, Total. 68.94 ms (0.2%)
[Performance] InitializeOnLoad TilemapPrefabStageHelper.Initialize                                                           :        1 samples, Peak.  4.28 ms (1.0x), Avg.  4.28 ms, Total. 4.284 ms (0.0%)
[Performance] InitializeOnLoad TileDragAndDropManager.Initialize                                                             :        1 samples, Peak.  2.58 ms (1.0x), Avg.  2.58 ms, Total. 2.577 ms (0.0%)
[Performance] InitializeOnLoad SceneViewGridManager.Initialize                                                               :        1 samples, Peak.  13.2 ms (1.0x), Avg.  13.2 ms, Total. 13.16 ms (0.0%)
[Performance] InitializeOnLoad SceneViewOpenTilePaletteHelper.Initialize                                                     :        1 samples, Peak.  2.80 ms (1.0x), Avg.  2.80 ms, Total. 2.796 ms (0.0%)
[Performance] InitializeOnLoad BackgroundImport.Setup                                                                        :        1 samples, Peak.  1.51 ms (1.0x), Avg.  1.51 ms, Total. 1.505 ms (0.0%)
[Performance] InitializeOnLoad SysrootPackage.IssueWarningIfLinuxIL2CPPNotPresent                                            :        1 samples, Peak.   215 us (1.0x), Avg.   215 us, Total. 214.8 us (0.0%)
[Performance] InitializeOnLoad TestJobDataHolder.ResumeRunningJobs                                                           :        1 samples, Peak.  3.24 ms (1.0x), Avg.  3.24 ms, Total. 3.235 ms (0.0%)
[Performance] InitializeOnLoad AnalyticsReporter.RegisterCallbacks                                                           :        1 samples, Peak.  2.28 ms (1.0x), Avg.  2.28 ms, Total. 2.278 ms (0.0%)
[Performance] InitializeOnLoad VisualStudioEditor.LegacyVisualStudioCodePackageDisabler                                      :        1 samples, Peak.  3.58 ms (1.0x), Avg.  3.58 ms, Total. 3.583 ms (0.0%)
[Performance] DidReloadScriptsCinemachineExtension.OnScriptReload                                                            :        1 samples, Peak.  1.34 ms (1.0x), Avg.  1.34 ms, Total. 1.337 ms (0.0%)
[Performance] DidReloadScriptsCinemachineVirtualCameraBase.OnScriptReload                                                    :        1 samples, Peak.   179 us (1.0x), Avg.   179 us, Total. 179.3 us (0.0%)
[Performance] DidReloadScriptsAdvancedDropdownWindow.OnScriptReload                                                          :        2 samples, Peak.  2.17 ms (1.7x), Avg.  1.28 ms, Total. 2.567 ms (0.0%)
[Performance] DidReloadScriptsTestRunnerWindow.CompilationCallback                                                           :        1 samples, Peak.  2.77 ms (1.0x), Avg.  2.77 ms, Total. 2.773 ms (0.0%)
[Performance] DidReloadScriptsTestListCache.ScriptReloaded                                                                   :        1 samples, Peak.  4.05 ms (1.0x), Avg.  4.05 ms, Total. 4.048 ms (0.0%)
[Performance] AssemblyReloadEvents.afterAssemblyReload: UnityEditor.U2D.Animation.BoneGizmo.OnAfterAssemblyReload            :        1 samples, Peak.  4.07 ms (1.0x), Avg.  4.07 ms, Total. 4.066 ms (0.0%)
[Performance] CinemachineSettings.OnPostprocessAllAssets                                                                     :        2 samples, Peak.  1.17 ms (1.6x), Avg.   739 us, Total. 1.478 ms (0.0%)
[Performance] SyncVS.PostprocessSyncProject                                                                                  :        1 samples, Peak.  1.61 ms (1.0x), Avg.  1.61 ms, Total. 1.612 ms (0.0%)
[Performance] Application.ImportPackagesAndSetTemplateWhenCreatingProject                                                    :        1 samples, Peak.  23.8 ms (1.0x), Avg.  23.8 ms, Total. 23.77 ms (0.1%)
[Performance] Application.SyncCurrentColorSpace                                                                              :        1 samples, Peak.   100 ms (1.0x), Avg.   100 ms, Total. 100.2 ms (0.3%)
[Performance] Application.OnUsbDevicesChanged                                                                                :        1 samples, Peak.   190 us (1.0x), Avg.   190 us, Total. 190.4 us (0.0%)
[Performance] Application.AssetInstanceCacheUpdate                                                                           :        1 samples, Peak.   360 ns (1.0x), Avg.   360 ns, Total. 360.0 ns (0.0%)
[Performance] Application.UnityExtensions.Initialize                                                                         :        1 samples, Peak.  9.51 ms (1.0x), Avg.  9.51 ms, Total. 9.515 ms (0.0%)
[Performance] CodeEditorProjectSync.SyncEditorProject                                                                        :        1 samples, Peak.  1.57 ms (1.0x), Avg.  1.57 ms, Total. 1.574 ms (0.0%)
[Performance] Application.ExecuteStartups                                                                                    :        1 samples, Peak.  80.8 ms (1.0x), Avg.  80.8 ms, Total. 80.77 ms (0.2%)
[Performance] Menu.RegisterMenuInterface                                                                                     :       26 samples, Peak.  1.12 us (4.2x), Avg.   267 ns, Total. 6.954 us (0.0%)
[Performance] Gizmo.RebuildRenderers                                                                                         :        1 samples, Peak.  79.1 ms (1.0x), Avg.  79.1 ms, Total. 79.13 ms (0.2%)
[Performance] Gizmo.AddGizmoRenderers                                                                                        :       93 samples, Peak.  3.12 ms (41.9x), Avg.  74.3 us, Total. 6.913 ms (0.0%)
[Performance] Application.editorInitializingProject                                                                          :        1 samples, Peak.  15.9 ms (1.0x), Avg.  15.9 ms, Total. 15.92 ms (0.0%)
[Performance] Application.InitializeMenu                                                                                     :        1 samples, Peak.   184 ms (1.0x), Avg.   184 ms, Total. 184.0 ms (0.6%)
[Performance] Menu.RebuildAll                                                                                                :        1 samples, Peak.   184 ms (1.0x), Avg.   184 ms, Total. 184.0 ms (0.6%)
[Performance] Menu.BuildRegisteredMenuInterfaces                                                                             :        1 samples, Peak.   181 ms (1.0x), Avg.   181 ms, Total. 181.1 ms (0.6%)
[Performance] Menu.FilterMenuItem                                                                                            :      683 samples, Peak.   110 ms (680.1x), Avg.   162 us, Total. 110.3 ms (0.3%)
[Performance] UpdateAllMenus                                                                                                 :        1 samples, Peak.  2.31 ms (1.0x), Avg.  2.31 ms, Total. 2.315 ms (0.0%)
[Performance] EditorSceneManager.sceneClosing: UnityEditor.SceneVisibilityManager.EditorSceneManagerOnSceneClosing           :        1 samples, Peak.   874 us (1.0x), Avg.   874 us, Total. 873.6 us (0.0%)
[Performance] GUIView.RepaintAll.PlayerLoopController                                                                        :        1 samples, Peak.   441 ns (1.0x), Avg.   441 ns, Total. 441.0 ns (0.0%)
[Performance] EditorSceneManager.newSceneCreated: UnityEditor.SceneTemplate.SceneTemplateService.OnNewSceneCreated           :        1 samples, Peak.  1.44 ms (1.0x), Avg.  1.44 ms, Total. 1.440 ms (0.0%)
[Performance] EditorSceneManager.newSceneCreated: UnityEditor.SceneVisibilityManager.EditorSceneManagerOnNewSceneCreated     :        1 samples, Peak.   802 us (1.0x), Avg.   802 us, Total. 801.7 us (0.0%)
[Performance] EditorSceneManager.newSceneCreated: UnityEditor.SceneManagement.StageNavigationManager.OnNewSceneCreated       :        1 samples, Peak.   568 us (1.0x), Avg.   568 us, Total. 568.4 us (0.0%)
[Performance] Application.InvokeFinishedLoadingProject                                                                       :        1 samples, Peak.  15.0 ms (1.0x), Avg.  15.0 ms, Total. 15.02 ms (0.0%)
[Performance] ProcessService.OnProjectLoaded                                                                                 :        1 samples, Peak.  73.7 us (1.0x), Avg.  73.7 us, Total. 73.71 us (0.0%)
[Performance] VersionControl.Task.Wait                                                                                       :        1 samples, Peak.  5.54 us (1.0x), Avg.  5.54 us, Total. 5.540 us (0.0%)
[Performance] EditorApplication.quitting: Unity.Burst.Editor.BurstLoader.OnEditorApplicationQuitting                         :        1 samples, Peak.  64.8 us (1.0x), Avg.  64.8 us, Total. 64.84 us (0.0%)
[Performance] EditorApplication.quitting: UnityEditor.Tilemaps.SceneViewGridManager.EditorQuitting                           :        1 samples, Peak.   200 us (1.0x), Avg.   200 us, Total. 200.1 us (0.0%)
[Performance] EditorApplication.quitting: callback in UnityEditor.TextCore.Text.EditorEventCallbacks                         :        1 samples, Peak.  22.0 ms (1.0x), Avg.  22.0 ms, Total. 21.99 ms (0.1%)
[Performance] Application.Shutdown.PauseProfilerSession                                                                      :        1 samples, Peak.  26.3 us (1.0x), Avg.  26.3 us, Total. 26.30 us (0.0%)
[Performance] Application.Shutdown.PauseAssetImportWorkers                                                                   :        1 samples, Peak.   450 us (1.0x), Avg.   450 us, Total. 449.7 us (0.0%)
[Performance] Application.Shutdown.SaveAssets                                                                                :        1 samples, Peak.  18.8 ms (1.0x), Avg.  18.8 ms, Total. 18.78 ms (0.1%)
[Performance] PaletteAssetModificationProcessor.OnWillSaveAssets                                                             :        1 samples, Peak.  4.56 ms (1.0x), Avg.  4.56 ms, Total. 4.558 ms (0.0%)
[Performance] StateMacroSavedEvent.OnWillSaveAssets                                                                          :        1 samples, Peak.   242 us (1.0x), Avg.   242 us, Total. 242.5 us (0.0%)
[Performance] FlowMacroSavedEvent.OnWillSaveAssets                                                                           :        1 samples, Peak.   202 us (1.0x), Avg.   202 us, Total. 201.7 us (0.0%)
[Performance] AssetModificationProcessor.OnWillSaveAssets                                                                    :        1 samples, Peak.   833 us (1.0x), Avg.   833 us, Total. 832.7 us (0.0%)
[Performance] BuilderAssetModificationProcessor.OnWillSaveAssets                                                             :        1 samples, Peak.  1.50 ms (1.0x), Avg.  1.50 ms, Total. 1.501 ms (0.0%)
[Performance] TerrainModificationProcessor.OnWillSaveAssets                                                                  :        1 samples, Peak.  2.39 ms (1.0x), Avg.  2.39 ms, Total. 2.388 ms (0.0%)
[Performance] AssetDatabase.ImportAssets                                                                                     :        2 samples, Peak.   461 ns (1.8x), Avg.   261 ns, Total. 521.0 ns (0.0%)
[Performance] Application.Shutdown.CleanupRenderPipeline                                                                     :        1 samples, Peak.  4.43 us (1.0x), Avg.  4.43 us, Total. 4.428 us (0.0%)
[Performance] Application.Shutdown.StopPreloadManager                                                                        :        1 samples, Peak.  10.1 ms (1.0x), Avg.  10.1 ms, Total. 10.07 ms (0.0%)
[Performance] Application.Shutdown.DestroyWorld                                                                              :        1 samples, Peak.   428 us (1.0x), Avg.   428 us, Total. 427.8 us (0.0%)
[Performance] Application.Shutdown.CleanupAfterLoad                                                                          :        1 samples, Peak.  93.5 ms (1.0x), Avg.  93.5 ms, Total. 93.54 ms (0.3%)
[Performance] Application.Shutdown.Progress                                                                                  :        1 samples, Peak.  10.7 us (1.0x), Avg.  10.7 us, Total. 10.72 us (0.0%)
[Performance] Application.Shutdown.GICleanupManagers                                                                         :        1 samples, Peak.   668 us (1.0x), Avg.   668 us, Total. 667.7 us (0.0%)
[Performance] Application.Shutdown.MenuCleanupClass                                                                          :        1 samples, Peak.  92.4 us (1.0x), Avg.  92.4 us, Total. 92.40 us (0.0%)
[Performance] Application.Shutdown.ADBSaveStateBeforeShutdown                                                                :        1 samples, Peak.  10.3 us (1.0x), Avg.  10.3 us, Total. 10.32 us (0.0%)
[Performance] Application.Shutdown.RemoteShutdown                                                                            :        1 samples, Peak.   792 ns (1.0x), Avg.   792 ns, Total. 792.0 ns (0.0%)
[Performance] Application.Shutdown.CleanupVCProvider                                                                         :        1 samples, Peak.  5.10 us (1.0x), Avg.  5.10 us, Total. 5.099 us (0.0%)
[Performance] Application.Shutdown.InputShutdown                                                                             :        1 samples, Peak.  2.22 us (1.0x), Avg.  2.22 us, Total. 2.224 us (0.0%)
[Performance] Application.Shutdown.GizmoManagerDestroy                                                                       :        1 samples, Peak.   855 us (1.0x), Avg.   855 us, Total. 854.9 us (0.0%)
[Performance] Application.Shutdown.ProfilerSession                                                                           :        1 samples, Peak.  1.72 ms (1.0x), Avg.  1.72 ms, Total. 1.716 ms (0.0%)
[Performance] Application.Shutdown.ReleaseGfxWindowOnAllGUIViews                                                             :        1 samples, Peak.   631 ns (1.0x), Avg.   631 ns, Total. 631.0 ns (0.0%)
[Performance] Application.Shutdown.CleanupEngine                                                                             :        1 samples, Peak.   133 ms (1.0x), Avg.   133 ms, Total. 132.9 ms (0.4%)
[Performance] Application.Shutdown.CleanupAssetDatabase                                                                      :        1 samples, Peak.  6.83 ms (1.0x), Avg.  6.83 ms, Total. 6.826 ms (0.0%)
[Performance] Application.Shutdown.ScriptCompilationCleanUp                                                                  :        1 samples, Peak.   612 ms (1.0x), Avg.   612 ms, Total. 612.5 ms (1.9%)
[Performance] Application.Shutdown.DestroyJobSystem                                                                          :        1 samples, Peak.   217 us (1.0x), Avg.   217 us, Total. 217.3 us (0.0%)
[Performance] Application.Shutdown.CleanupPersistentManager                                                                  :        1 samples, Peak.  2.86 ms (1.0x), Avg.  2.86 ms, Total. 2.855 ms (0.0%)
[Performance] Application.Shutdown.CleanupAsyncReadManager                                                                   :        1 samples, Peak.   164 us (1.0x), Avg.   164 us, Total. 164.0 us (0.0%)
[Performance] Application.Shutdown.CleanupMono                                                                               :        1 samples, Peak.  16.8 s (1.0x), Avg.  16.8 s, Total. 16.76 s (51.7%)
[Performance] Application.Shutdown.CleanupStdConverters                                                                      :        1 samples, Peak.  9.38 us (1.0x), Avg.  9.38 us, Total. 9.378 us (0.0%)
[Performance] Application.Shutdown.UnloadAllPlatformSupportModuleNativeDlls                                                  :        1 samples, Peak.   861 ns (1.0x), Avg.   861 ns, Total. 861.0 ns (0.0%)
[Performance] Application.Shutdown.UnloadAllPlatformSupportNativeLibraries                                                   :        1 samples, Peak.   230 ns (1.0x), Avg.   230 ns, Total. 230.0 ns (0.0%)
[Performance] Application.Shutdown.CleanupAutoDocumentation                                                                  :        1 samples, Peak.   226 us (1.0x), Avg.   226 us, Total. 225.8 us (0.0%)
[Performance] Application.Shutdown.ShaderNameManagerDestroy                                                                  :        1 samples, Peak.  47.3 us (1.0x), Avg.  47.3 us, Total. 47.29 us (0.0%)
[Performance] Application.Shutdown.CleanupCacheServer                                                                        :        1 samples, Peak.   291 ns (1.0x), Avg.   291 ns, Total. 291.0 ns (0.0%)
[Performance] Application.Shutdown.Virtualization_Shutdown                                                                   :        1 samples, Peak.   441 ns (1.0x), Avg.   441 ns, Total. 441.0 ns (0.0%)
[Performance] Application.Shutdown.DevConnections                                                                            :        1 samples, Peak.  45.8 us (1.0x), Avg.  45.8 us, Total. 45.84 us (0.0%)
Exiting batchmode successfully now!
Thread: ID 139687920751552, CleanupSafetyData: safetyData 7f0b300b1f40
Thread: ID 139687920751552, CleanupSafetyData: safetyData 7f0b300b1490
Thread: ID 139687920751552, CleanupSafetyData: safetyData 7f0b30fb6900
[Package Manager] Server::Kill -- Server was shutdown
Checking for leaked weakptr:
  Found no leaked weakptrs.
Memory Statistics:
[ALLOC_TEMP_TLS] TLS Allocator
  StackAllocators : 
    [ALLOC_TEMP_CurlRequest]
      Initial Block Size 64.0 KB
      Current Block Size 64.0 KB
      Peak Allocated Bytes 0 B
      Overflow Count 0
    [ALLOC_TEMP_MAIN]
      Initial Block Size 16.0 MB
      Current Block Size 16.3 MB
      Peak Allocated Bytes 10.1 MB
      Overflow Count 0
    [ALLOC_TEMP_Background Job.worker 3]
      Initial Block Size 32.0 KB
      Current Block Size 32.0 KB
      Peak Allocated Bytes 0 B
      Overflow Count 0
    [ALLOC_TEMP_Background Job.worker 6]
      Initial Block Size 32.0 KB
      Current Block Size 32.0 KB
      Peak Allocated Bytes 0 B
      Overflow Count 0
    [ALLOC_TEMP_AUDIO_ALSA Mixer]
      Initial Block Size 64.0 KB
      Current Block Size 64.0 KB
      Peak Allocated Bytes 0 B
      Overflow Count 0
    [ALLOC_TEMP_Background Job.worker 2]
      Initial Block Size 32.0 KB
      Current Block Size 204.0 KB
      Peak Allocated Bytes 203.7 KB
      Overflow Count 0
    [ALLOC_TEMP_Background Job.worker 8]
      Initial Block Size 32.0 KB
      Current Block Size 32.0 KB
      Peak Allocated Bytes 0 B
      Overflow Count 0
    [ALLOC_TEMP_BakingJobs.worker 0]
      Initial Block Size 256.0 KB
      Current Block Size 256.0 KB
      Peak Allocated Bytes 0 B
      Overflow Count 0
    [ALLOC_TEMP_AssetDatabase.FileHasherReader] x 4
      Initial Block Size 64.0 KB
      Current Block Size 64.0 KB
      Peak Allocated Bytes 31 B
      Overflow Count 0
    [ALLOC_TEMP_Background Job.worker 15]
      Initial Block Size 32.0 KB
      Current Block Size 32.0 KB
      Peak Allocated Bytes 0 B
      Overflow Count 0
    [ALLOC_TEMP_Background Job.worker 0]
      Initial Block Size 32.0 KB
      Current Block Size 32.0 KB
      Peak Allocated Bytes 0 B
      Overflow Count 0
    [ALLOC_TEMP_BakingJobs.worker 1]
      Initial Block Size 256.0 KB
      Current Block Size 256.0 KB
      Peak Allocated Bytes 0 B
      Overflow Count 0
    [ALLOC_TEMP_BatchDeleteObjects]
      Initial Block Size 64.0 KB
      Current Block Size 64.0 KB
      Peak Allocated Bytes 0 B
      Overflow Count 0
    [ALLOC_TEMP_AUDIO_FMOD stream thread]
      Initial Block Size 64.0 KB
      Current Block Size 64.0 KB
      Peak Allocated Bytes 0 B
      Overflow Count 0
    [ALLOC_TEMP_CoreBusinessMetricsCache]
      Initial Block Size 64.0 KB
      Current Block Size 64.0 KB
      Peak Allocated Bytes 8.0 KB
      Overflow Count 0
    [ALLOC_TEMP_REST Message Handler]
      Initial Block Size 64.0 KB
      Current Block Size 64.0 KB
      Peak Allocated Bytes 0 B
      Overflow Count 0
    [ALLOC_TEMP_AssetDatabase.FileHasherHasher] x 4
      Initial Block Size 64.0 KB
      Current Block Size 64.0 KB
      Peak Allocated Bytes 31 B
      Overflow Count 0
    [ALLOC_TEMP_Background Job.worker 1]
      Initial Block Size 32.0 KB
      Current Block Size 80.0 KB
      Peak Allocated Bytes 55.5 KB
      Overflow Count 0
    [ALLOC_TEMP_BakingJobs.worker 3]
      Initial Block Size 256.0 KB
      Current Block Size 256.0 KB
      Peak Allocated Bytes 0 B
      Overflow Count 0
    [ALLOC_TEMP_Job.worker 1]
      Initial Block Size 256.0 KB
      Current Block Size 256.0 KB
      Peak Allocated Bytes 21.4 KB
      Overflow Count 1
    [ALLOC_TEMP_Background Job.worker 5]
      Initial Block Size 32.0 KB
      Current Block Size 32.0 KB
      Peak Allocated Bytes 0 B
      Overflow Count 0
    [ALLOC_TEMP_BakingJobs.worker 2]
      Initial Block Size 256.0 KB
      Current Block Size 256.0 KB
      Peak Allocated Bytes 0 B
      Overflow Count 0
    [ALLOC_TEMP_AssetDatabase.IOService]
      Initial Block Size 64.0 KB
      Current Block Size 64.0 KB
      Peak Allocated Bytes 0 B
      Overflow Count 0
    [ALLOC_TEMP_Loading.PreloadManager]
      Initial Block Size 32.0 MB
      Current Block Size 32.0 MB
      Peak Allocated Bytes 0 B
      Overflow Count 0
    [ALLOC_TEMP_Background Job.worker 4]
      Initial Block Size 32.0 KB
      Current Block Size 32.0 KB
      Peak Allocated Bytes 0 B
      Overflow Count 0
    [ALLOC_TEMP_Background Job.worker 7]
      Initial Block Size 32.0 KB
      Current Block Size 32.0 KB
      Peak Allocated Bytes 0 B
      Overflow Count 0
    [ALLOC_TEMP_CloudJob.worker 0]
      Initial Block Size 32.0 KB
      Current Block Size 32.0 KB
      Peak Allocated Bytes 3.4 KB
      Overflow Count 0
    [ALLOC_TEMP_Background Job.worker 10]
      Initial Block Size 32.0 KB
      Current Block Size 32.0 KB
      Peak Allocated Bytes 0 B
      Overflow Count 0
    [ALLOC_TEMP_Background Job.worker 12]
      Initial Block Size 32.0 KB
      Current Block Size 32.0 KB
      Peak Allocated Bytes 0 B
      Overflow Count 0
    [ALLOC_TEMP_Background Job.worker 11]
      Initial Block Size 32.0 KB
      Current Block Size 32.0 KB
      Peak Allocated Bytes 0 B
      Overflow Count 0
    [ALLOC_TEMP_HTTP REST Server]
      Initial Block Size 64.0 KB
      Current Block Size 64.0 KB
      Peak Allocated Bytes 66 B
      Overflow Count 0
    [ALLOC_TEMP_Background Job.worker 13]
      Initial Block Size 32.0 KB
      Current Block Size 32.0 KB
      Peak Allocated Bytes 0 B
      Overflow Count 0
    [ALLOC_TEMP_AssetGarbageCollectorHelper] x 3
      Initial Block Size 64.0 KB
      Current Block Size 64.0 KB
      Peak Allocated Bytes 0 B
      Overflow Count 0
    [ALLOC_TEMP_EditorTaskManager]
      Initial Block Size 64.0 KB
      Current Block Size 68.0 KB
      Peak Allocated Bytes 64.0 KB
      Overflow Count 0
    [ALLOC_TEMP_Profiler.Dispatcher]
      Initial Block Size 64.0 KB
      Current Block Size 64.0 KB
      Peak Allocated Bytes 0 B
      Overflow Count 0
    [ALLOC_TEMP_Background Job.worker 14]
      Initial Block Size 32.0 KB
      Current Block Size 32.0 KB
      Peak Allocated Bytes 0 B
      Overflow Count 0
    [ALLOC_TEMP_Job.worker 0]
      Initial Block Size 256.0 KB
      Current Block Size 256.0 KB
      Peak Allocated Bytes 0.5 KB
      Overflow Count 0
    [ALLOC_TEMP_Background Job.worker 9]
      Initial Block Size 32.0 KB
      Current Block Size 32.0 KB
      Peak Allocated Bytes 0 B
      Overflow Count 0
    [ALLOC_TEMP_Job.worker 2]
      Initial Block Size 256.0 KB
      Current Block Size 256.0 KB
      Peak Allocated Bytes 0.5 KB
      Overflow Count 1
    [ALLOC_TEMP_Loading.AsyncRead]
      Initial Block Size 64.0 KB
      Current Block Size 64.0 KB
      Peak Allocated Bytes 128 B
      Overflow Count 0
[ALLOC_MEMORYPROFILER]
  Requested Block Size 1.0 MB
  Peak Block count 2
  Peak Allocated memory 0.8 MB
  Peak Large allocation bytes 0 B
[ALLOC_DEFAULT] Dual Thread Allocator
  Peak main deferred allocation count 98
    [ALLOC_BUCKET]
      Large Block size 32.0 MB
      Used Block count 1
      Peak Allocated bytes 8.5 MB
    [ALLOC_DEFAULT_MAIN]
      Requested Block Size 16.0 MB
      Peak Block count 6
      Peak Allocated memory 85.2 MB
      Peak Large allocation bytes 0 B
    [ALLOC_DEFAULT_THREAD]
      Requested Block Size 16.0 MB
      Peak Block count 1
      Peak Allocated memory 30.5 MB
      Peak Large allocation bytes 30.3 MB
[ALLOC_TEMP_JOB_1_FRAME]
  Initial Block Size 2.0 MB
  Used Block Count 0
  Overflow Count (too large) 0
  Overflow Count (full) 0
[ALLOC_TEMP_JOB_2_FRAMES]
  Initial Block Size 2.0 MB
  Used Block Count 0
  Overflow Count (too large) 0
  Overflow Count (full) 0
[ALLOC_TEMP_JOB_4_FRAMES (JobTemp)]
  Initial Block Size 2.0 MB
  Used Block Count 1
  Overflow Count (too large) 0
  Overflow Count (full) 0
[ALLOC_TEMP_JOB_ASYNC (Background)]
  Initial Block Size 1.0 MB
  Used Block Count 1
  Overflow Count (too large) 1
  Overflow Count (full) 0
[ALLOC_GFX] Dual Thread Allocator
  Peak main deferred allocation count 0
    [ALLOC_BUCKET]
      Large Block size 32.0 MB
      Used Block count 1
      Peak Allocated bytes 8.5 MB
    [ALLOC_GFX_MAIN]
      Requested Block Size 16.0 MB
      Peak Block count 1
      Peak Allocated memory 5.9 MB
      Peak Large allocation bytes 0 B
    [ALLOC_GFX_THREAD]
      Requested Block Size 16.0 MB
      Peak Block count 0
      Peak Allocated memory 0 B
      Peak Large allocation bytes 0 B
[ALLOC_CACHEOBJECTS] Dual Thread Allocator
  Peak main deferred allocation count 227
    [ALLOC_BUCKET]
      Large Block size 32.0 MB
      Used Block count 1
      Peak Allocated bytes 8.5 MB
    [ALLOC_CACHEOBJECTS_MAIN]
      Requested Block Size 4.0 MB
      Peak Block count 16
      Peak Allocated memory 54.8 MB
      Peak Large allocation bytes 17.0 MB
    [ALLOC_CACHEOBJECTS_THREAD]
      Requested Block Size 4.0 MB
      Peak Block count 0
      Peak Allocated memory 0 B
      Peak Large allocation bytes 0 B
[ALLOC_TYPETREE] Dual Thread Allocator
  Peak main deferred allocation count 506
    [ALLOC_BUCKET]
      Large Block size 32.0 MB
      Used Block count 1
      Peak Allocated bytes 8.5 MB
    [ALLOC_TYPETREE_MAIN]
      Requested Block Size 2.0 MB
      Peak Block count 12
      Peak Allocated memory 21.6 MB
      Peak Large allocation bytes 0 B
    [ALLOC_TYPETREE_THREAD]
      Requested Block Size 2.0 MB
      Peak Block count 0
      Peak Allocated memory 0 B
      Peak Large allocation bytes 0 B
[ALLOC_PROFILER]
  Requested Block Size 16.0 MB
  Peak Block count 1
  Peak Allocated memory 417.9 KB
  Peak Large allocation bytes 0 B
    [ALLOC_PROFILER_BUCKET]
      Large Block size 32.0 MB
      Used Block count 1
      Peak Allocated bytes 4.0 KB
[ALLOC_PROFILER_EDITOR]
  Requested Block Size 1.0 MB
  Peak Block count 0
  Peak Allocated memory 0 B
  Peak Large allocation bytes 0 B
    [ALLOC_PROFILER_BUCKET]
      Large Block size 32.0 MB
      Used Block count 1
      Peak Allocated bytes 4.0 KB
##utp:{"type":"MemoryLeaks","version":2,"phase":"Immediate","time":1718141711791,"processId":2071,"allocatedMemory":17603040,"memoryLabels":[{"Default":11575},{"Permanent":16296},{"Thread":1083492},{"Manager":20070},{"VertexData":12},{"Geometry":280},{"Texture":176},{"Shader":69153},{"Material":24},{"GfxDevice":223120},{"Animation":360},{"Audio":3976},{"FontEngine":336},{"Physics":513},{"Serialization":732},{"Input":26808},{"JobScheduler":240},{"Mono":40},{"ScriptingNativeRuntime":191920},{"BaseObject":1629820},{"Resource":1064},{"Renderer":2392},{"Transform":48},{"File":804},{"WebCam":40},{"Culling":40},{"Terrain":1025},{"Wind":24},{"String":14944},{"DynamicArray":75720},{"HashMap":103725},{"Utility":2659526},{"Curl":1112},{"PoolAlloc":1496},{"AI":72},{"TypeTree":4549},{"ScriptManager":640},{"RuntimeInitializeOnLoadManager":80},{"SpriteAtlas":128},{"GI":3632},{"Director":7928},{"CloudService":1016},{"WebRequest":720},{"VR":45785},{"SceneManager":600},{"Video":72},{"LazyScriptCache":40},{"NativeArray":12},{"Camera":25},{"Secure":6385},{"SerializationCache":1576},{"APIUpdating":11856},{"Subsystems":392},{"VirtualTexturing":57560},{"StaticSafetyDebugInfo":327680},{"EditorGui":56},{"EditorUtility":10046},{"VersionControl":4},{"Undo":736},{"AssetDatabase":10933029},{"RestService":1518},{"EditorGi":376},{"License":3624},{"UnityConnect":25496},{"Collab":641},{"Upm":1648},{"DrivenProperties":96},{"LocalIPC":212},{"ProfilerEditor":10951},{"CoreBusinessMetrics":2876},{"AssetReference":40},{"IPCStream":40}]}
